[2025-09-03 17:02:17Z INFO HostContext] No proxy settings were found based on environmental variables (http_proxy/https_proxy/HTTP_PROXY/HTTPS_PROXY)
[2025-09-03 17:02:17Z INFO HostContext] Well known directory 'Bin': 'D:\Legal-System\actions-runner\bin'
[2025-09-03 17:02:17Z INFO HostContext] Well known directory 'Root': 'D:\Legal-System\actions-runner'
[2025-09-03 17:02:17Z INFO HostContext] Well known config file 'Credentials': 'D:\Legal-System\actions-runner\.credentials'
[2025-09-03 17:02:17Z INFO HostContext] Well known directory 'Bin': 'D:\Legal-System\actions-runner\bin'
[2025-09-03 17:02:17Z INFO HostContext] Well known directory 'Root': 'D:\Legal-System\actions-runner'
[2025-09-03 17:02:17Z INFO HostContext] Well known config file 'Runner': 'D:\Legal-System\actions-runner\.runner'
[2025-09-03 17:02:17Z INFO Listener] Runner is built for Windows (X64) - win-x64.
[2025-09-03 17:02:17Z INFO Listener] RuntimeInformation: Microsoft Windows 10.0.26100.
[2025-09-03 17:02:17Z INFO Listener] Version: 2.328.0
[2025-09-03 17:02:17Z INFO Listener] Commit: 6f9a9110adce65f44ca6f7c0ae142b9cc6af937b
[2025-09-03 17:02:17Z INFO Listener] Culture: en-US
[2025-09-03 17:02:17Z INFO Listener] UI Culture: en-US
[2025-09-03 17:02:17Z INFO HostContext] Well known directory 'Bin': 'D:\Legal-System\actions-runner\bin'
[2025-09-03 17:02:17Z INFO HostContext] Well known directory 'Root': 'D:\Legal-System\actions-runner'
[2025-09-03 17:02:17Z INFO Listener] Validating directory permissions for: 'D:\Legal-System\actions-runner'
[2025-09-03 17:02:17Z INFO CommandLineParser] Parse
[2025-09-03 17:02:17Z INFO CommandLineParser] Parsing 1 args
[2025-09-03 17:02:17Z INFO CommandLineParser] parsing argument
[2025-09-03 17:02:17Z INFO CommandLineParser] HasArgs: False
[2025-09-03 17:02:17Z INFO CommandLineParser] Adding Command: run
[2025-09-03 17:02:17Z INFO Listener] Arguments parsed
[2025-09-03 17:02:17Z INFO Runner] ExecuteCommand
[2025-09-03 17:02:17Z INFO ConfigurationStore] currentAssemblyLocation: D:\Legal-System\actions-runner\bin\Runner.Listener.dll
[2025-09-03 17:02:17Z INFO HostContext] Well known directory 'Bin': 'D:\Legal-System\actions-runner\bin'
[2025-09-03 17:02:17Z INFO ConfigurationStore] binPath: D:\Legal-System\actions-runner\bin
[2025-09-03 17:02:17Z INFO HostContext] Well known directory 'Bin': 'D:\Legal-System\actions-runner\bin'
[2025-09-03 17:02:17Z INFO HostContext] Well known directory 'Root': 'D:\Legal-System\actions-runner'
[2025-09-03 17:02:17Z INFO ConfigurationStore] RootFolder: D:\Legal-System\actions-runner
[2025-09-03 17:02:17Z INFO HostContext] Well known directory 'Bin': 'D:\Legal-System\actions-runner\bin'
[2025-09-03 17:02:17Z INFO HostContext] Well known directory 'Root': 'D:\Legal-System\actions-runner'
[2025-09-03 17:02:17Z INFO HostContext] Well known config file 'Runner': 'D:\Legal-System\actions-runner\.runner'
[2025-09-03 17:02:17Z INFO ConfigurationStore] ConfigFilePath: D:\Legal-System\actions-runner\.runner
[2025-09-03 17:02:17Z INFO HostContext] Well known directory 'Bin': 'D:\Legal-System\actions-runner\bin'
[2025-09-03 17:02:17Z INFO HostContext] Well known directory 'Root': 'D:\Legal-System\actions-runner'
[2025-09-03 17:02:17Z INFO HostContext] Well known config file 'MigratedRunner': 'D:\Legal-System\actions-runner\.runner_migrated'
[2025-09-03 17:02:17Z INFO ConfigurationStore] MigratedConfigFilePath: D:\Legal-System\actions-runner\.runner_migrated
[2025-09-03 17:02:17Z INFO HostContext] Well known directory 'Bin': 'D:\Legal-System\actions-runner\bin'
[2025-09-03 17:02:17Z INFO HostContext] Well known directory 'Root': 'D:\Legal-System\actions-runner'
[2025-09-03 17:02:17Z INFO HostContext] Well known config file 'Credentials': 'D:\Legal-System\actions-runner\.credentials'
[2025-09-03 17:02:17Z INFO ConfigurationStore] CredFilePath: D:\Legal-System\actions-runner\.credentials
[2025-09-03 17:02:17Z INFO HostContext] Well known directory 'Bin': 'D:\Legal-System\actions-runner\bin'
[2025-09-03 17:02:17Z INFO HostContext] Well known directory 'Root': 'D:\Legal-System\actions-runner'
[2025-09-03 17:02:17Z INFO HostContext] Well known config file 'MigratedCredentials': 'D:\Legal-System\actions-runner\.credentials_migrated'
[2025-09-03 17:02:17Z INFO ConfigurationStore] MigratedCredFilePath: D:\Legal-System\actions-runner\.credentials_migrated
[2025-09-03 17:02:17Z INFO HostContext] Well known directory 'Bin': 'D:\Legal-System\actions-runner\bin'
[2025-09-03 17:02:17Z INFO HostContext] Well known directory 'Root': 'D:\Legal-System\actions-runner'
[2025-09-03 17:02:17Z INFO HostContext] Well known config file 'Service': 'D:\Legal-System\actions-runner\.service'
[2025-09-03 17:02:17Z INFO ConfigurationStore] ServiceConfigFilePath: D:\Legal-System\actions-runner\.service
[2025-09-03 17:02:17Z INFO CommandSettings] Flag 'help': 'False'
[2025-09-03 17:02:17Z INFO CommandSettings] Flag 'version': 'False'
[2025-09-03 17:02:17Z INFO CommandSettings] Flag 'commit': 'False'
[2025-09-03 17:02:17Z INFO CommandSettings] Flag 'check': 'False'
[2025-09-03 17:02:17Z INFO CommandSettings] Command 'configure': 'False'
[2025-09-03 17:02:17Z INFO CommandSettings] Command 'remove': 'False'
[2025-09-03 17:02:17Z INFO CommandSettings] Command 'warmup': 'False'
[2025-09-03 17:02:17Z INFO ConfigurationManager] LoadSettings
[2025-09-03 17:02:17Z INFO ConfigurationStore] IsConfigured()
[2025-09-03 17:02:17Z INFO ConfigurationStore] IsConfigured: True
[2025-09-03 17:02:17Z INFO ConfigurationManager] Is configured: True
[2025-09-03 17:02:17Z INFO ConfigurationStore] Read setting file: 394 chars
[2025-09-03 17:02:17Z INFO ConfigurationManager] Settings Loaded
[2025-09-03 17:02:17Z INFO ConfigurationStore] IsServiceConfigured()
[2025-09-03 17:02:17Z INFO ConfigurationStore] IsServiceConfigured: False
[2025-09-03 17:02:17Z INFO CommandSettings] Command 'run': 'True'
[2025-09-03 17:02:17Z INFO ConfigurationStore] IsConfigured()
[2025-09-03 17:02:17Z INFO ConfigurationStore] IsConfigured: True
[2025-09-03 17:02:17Z INFO ConfigurationManager] Is configured: True
[2025-09-03 17:02:17Z INFO Runner] Could not parse the argument value '' for StartupType. Defaulting to Manual
[2025-09-03 17:02:17Z INFO Runner] Set runner startup type - Manual
[2025-09-03 17:02:17Z INFO CommandSettings] Flag 'once': 'False'
[2025-09-03 17:02:17Z INFO CommandSettings] Flag 'once': 'False'
[2025-09-03 17:02:17Z INFO Runner] RunAsync
[2025-09-03 17:02:17Z INFO ConfigurationManager] LoadMigratedSettings
[2025-09-03 17:02:17Z INFO ConfigurationStore] IsMigratedConfigured()
[2025-09-03 17:02:17Z INFO ConfigurationStore] IsMigratedConfigured: True
[2025-09-03 17:02:17Z INFO ConfigurationStore] Read migrated setting file: 394 chars
[2025-09-03 17:02:17Z INFO ConfigurationManager] Migrated Settings Loaded
[2025-09-03 17:02:17Z INFO Runner] Loaded migrated settings from .runner_migrated file
[2025-09-03 17:02:17Z INFO Runner] {
  "AgentId": 2,
  "AgentName": "PRANAV",
  "PoolId": 1,
  "PoolName": "Default",
  "ServerUrl": "https://pipelinesghubeus15.actions.githubusercontent.com/4RDCz6jP3tr0ADgFf4JcnLFYGwxw0T2NgEDGZrocYOpGMcgA6D/",
  "GitHubUrl": "https://github.com/PranavSD143/Legal-System",
  "WorkFolder": "_work",
  "UseV2Flow": true,
  "ServerUrlV2": "https://broker.actions.githubusercontent.com/"
}
[2025-09-03 17:02:17Z INFO Runner] Attempting to create session using migrated settings
[2025-09-03 17:02:17Z INFO Runner] Using BrokerMessageListener
[2025-09-03 17:02:17Z INFO BrokerMessageListener] Using provided settings
[2025-09-03 17:02:17Z INFO BrokerMessageListener] Using migrated settings from .runner_migrated
[2025-09-03 17:02:17Z INFO BrokerMessageListener] {
  "AgentId": 2,
  "AgentName": "PRANAV",
  "PoolId": 1,
  "PoolName": "Default",
  "ServerUrl": "https://pipelinesghubeus15.actions.githubusercontent.com/4RDCz6jP3tr0ADgFf4JcnLFYGwxw0T2NgEDGZrocYOpGMcgA6D/",
  "GitHubUrl": "https://github.com/PranavSD143/Legal-System",
  "WorkFolder": "_work",
  "UseV2Flow": true,
  "ServerUrlV2": "https://broker.actions.githubusercontent.com/"
}
[2025-09-03 17:02:17Z INFO BrokerMessageListener] Loading Credentials
[2025-09-03 17:02:17Z INFO ConfigurationStore] HasCredentials()
[2025-09-03 17:02:17Z INFO ConfigurationStore] stored True
[2025-09-03 17:02:17Z INFO CredentialManager] GetCredentialProvider
[2025-09-03 17:02:17Z INFO CredentialManager] Creating type OAuth
[2025-09-03 17:02:17Z INFO CredentialManager] Creating credential type: OAuth
[2025-09-03 17:02:17Z INFO HostContext] Well known directory 'Bin': 'D:\Legal-System\actions-runner\bin'
[2025-09-03 17:02:17Z INFO HostContext] Well known directory 'Root': 'D:\Legal-System\actions-runner'
[2025-09-03 17:02:17Z INFO HostContext] Well known config file 'RSACredentials': 'D:\Legal-System\actions-runner\.credentials_rsaparams'
[2025-09-03 17:02:17Z INFO RSAEncryptedFileKeyManager] Loading RSA key parameters from file D:\Legal-System\actions-runner\.credentials_rsaparams
[2025-09-03 17:02:17Z INFO BrokerMessageListener] Attempt to create session.
[2025-09-03 17:02:17Z INFO BrokerMessageListener] Connecting to the Broker Server...
[2025-09-03 17:02:17Z INFO ConfigurationStore] HasCredentials()
[2025-09-03 17:02:17Z INFO ConfigurationStore] stored True
[2025-09-03 17:02:17Z INFO CredentialManager] GetCredentialProvider
[2025-09-03 17:02:17Z INFO CredentialManager] Creating type OAuth
[2025-09-03 17:02:17Z INFO CredentialManager] Creating credential type: OAuth
[2025-09-03 17:02:17Z INFO RSAEncryptedFileKeyManager] Loading RSA key parameters from file D:\Legal-System\actions-runner\.credentials_rsaparams
[2025-09-03 17:02:17Z INFO BrokerMessageListener] VssConnection created
[2025-09-03 17:02:17Z INFO BrokerMessageListener] Connecting to the Runner server...
[2025-09-03 17:02:17Z INFO RunnerServer] EstablishVssConnection
[2025-09-03 17:02:17Z INFO RunnerServer] Establish connection with 100 seconds timeout.
[2025-09-03 17:02:17Z INFO GitHubActionsService] Starting operation Location.GetConnectionData
[2025-09-03 17:02:17Z INFO RunnerServer] EstablishVssConnection
[2025-09-03 17:02:17Z INFO RunnerServer] Establish connection with 60 seconds timeout.
[2025-09-03 17:02:17Z INFO GitHubActionsService] Starting operation Location.GetConnectionData
[2025-09-03 17:02:17Z INFO RunnerServer] EstablishVssConnection
[2025-09-03 17:02:17Z INFO RunnerServer] Establish connection with 60 seconds timeout.
[2025-09-03 17:02:17Z INFO GitHubActionsService] Starting operation Location.GetConnectionData
[2025-09-03 17:02:18Z INFO GitHubActionsService] Finished operation Location.GetConnectionData
[2025-09-03 17:02:18Z INFO GitHubActionsService] Finished operation Location.GetConnectionData
[2025-09-03 17:02:18Z INFO GitHubActionsService] Finished operation Location.GetConnectionData
[2025-09-03 17:02:18Z INFO BrokerMessageListener] VssConnection created
[2025-09-03 17:02:18Z INFO Terminal] WRITE LINE: 
[2025-09-03 17:02:18Z INFO Terminal] WRITE LINE: 
[2025-09-03 17:02:18Z INFO RSAEncryptedFileKeyManager] Loading RSA key parameters from file D:\Legal-System\actions-runner\.credentials_rsaparams
[2025-09-03 17:02:18Z INFO RSAEncryptedFileKeyManager] Loading RSA key parameters from file D:\Legal-System\actions-runner\.credentials_rsaparams
[2025-09-03 17:02:19Z INFO GitHubActionsService] AAD Correlation ID for this token request: Unknown
[2025-09-03 17:02:20Z INFO BrokerMessageListener] Session created.
[2025-09-03 17:02:20Z INFO Runner] Successfully created session with migrated settings
[2025-09-03 17:02:20Z INFO Terminal] WRITE LINE: Current runner version: '2.328.0'
[2025-09-03 17:02:20Z INFO Terminal] WRITE LINE: 2025-09-03 17:02:20Z: Listening for Jobs
[2025-09-03 17:02:20Z INFO JobDispatcher] Set runner/worker IPC timeout to 30 seconds.
[2025-09-03 17:03:58Z INFO ConfigurationStore] HasCredentials()
[2025-09-03 17:03:58Z INFO ConfigurationStore] stored True
[2025-09-03 17:03:58Z INFO CredentialManager] GetCredentialProvider
[2025-09-03 17:03:58Z INFO CredentialManager] Creating type OAuth
[2025-09-03 17:03:58Z INFO CredentialManager] Creating credential type: OAuth
[2025-09-03 17:03:58Z INFO RSAEncryptedFileKeyManager] Loading RSA key parameters from file D:\Legal-System\actions-runner\.credentials_rsaparams
[2025-09-03 17:03:58Z INFO RSAEncryptedFileKeyManager] Loading RSA key parameters from file D:\Legal-System\actions-runner\.credentials_rsaparams
[2025-09-03 17:03:58Z INFO RSAEncryptedFileKeyManager] Loading RSA key parameters from file D:\Legal-System\actions-runner\.credentials_rsaparams
[2025-09-03 17:03:59Z INFO GitHubActionsService] AAD Correlation ID for this token request: Unknown
[2025-09-03 17:04:00Z INFO JobDispatcher] Job request 0 for plan 5dbe4f6f-5a43-43ea-ae94-a84ef321d19c job afeab1a8-ff84-54ea-87fc-63acfa75e9e8 received.
[2025-09-03 17:04:00Z INFO JobDispatcher] Pull OrchestrationId 5dbe4f6f-5a43-43ea-ae94-a84ef321d19c.build_and_test.__default from JWT claims
[2025-09-03 17:04:00Z INFO BrokerMessageListener] Received job status event. JobState: Busy
[2025-09-03 17:04:00Z INFO BrokerMessageListener] _getMessagesTokenSource is already disposed.
[2025-09-03 17:04:00Z INFO Terminal] WRITE LINE: 2025-09-03 17:04:00Z: Running job: build_and_test
[2025-09-03 17:04:00Z INFO JobDispatcher] Start renew job request 0 for job afeab1a8-ff84-54ea-87fc-63acfa75e9e8.
[2025-09-03 17:04:01Z INFO JobDispatcher] Successfully renew job afeab1a8-ff84-54ea-87fc-63acfa75e9e8, job is valid till 9/3/2025 5:14:01 PM
[2025-09-03 17:04:01Z INFO HostContext] Well known directory 'Bin': 'D:\Legal-System\actions-runner\bin'
[2025-09-03 17:04:01Z INFO ProcessInvokerWrapper] Starting process:
[2025-09-03 17:04:01Z INFO ProcessInvokerWrapper]   File name: 'D:\Legal-System\actions-runner\bin\Runner.Worker.exe'
[2025-09-03 17:04:01Z INFO ProcessInvokerWrapper]   Arguments: 'spawnclient 2232 2244'
[2025-09-03 17:04:01Z INFO ProcessInvokerWrapper]   Working directory: 'D:\Legal-System\actions-runner\bin'
[2025-09-03 17:04:01Z INFO ProcessInvokerWrapper]   Require exit code zero: 'False'
[2025-09-03 17:04:01Z INFO ProcessInvokerWrapper]   Encoding web name:  ; code page: ''
[2025-09-03 17:04:01Z INFO ProcessInvokerWrapper]   Force kill process on cancellation: 'True'
[2025-09-03 17:04:01Z INFO ProcessInvokerWrapper]   Redirected STDIN: 'False'
[2025-09-03 17:04:01Z INFO ProcessInvokerWrapper]   Persist current code page: 'False'
[2025-09-03 17:04:01Z INFO ProcessInvokerWrapper]   Keep redirected STDIN open: 'False'
[2025-09-03 17:04:01Z INFO ProcessInvokerWrapper]   High priority process: 'True'
[2025-09-03 17:04:01Z INFO ProcessInvokerWrapper] Process started with process id 11568, waiting for process exit.
[2025-09-03 17:04:01Z INFO JobDispatcher] Send job request message to worker for job afeab1a8-ff84-54ea-87fc-63acfa75e9e8.
[2025-09-03 17:04:01Z INFO ProcessChannel] Sending message of length 19793, with hash 'e5483a8e2a9275bab23bd6afb7e03e124a87ae42528f120cfcd985f0d799b3d9'
[2025-09-03 17:04:01Z INFO JobNotification] Entering JobStarted Notification
[2025-09-03 17:04:01Z INFO JobNotification] Entering StartMonitor
[2025-09-03 17:04:31Z INFO ProcessInvokerWrapper] STDOUT/STDERR stream read finished.
[2025-09-03 17:04:31Z INFO ProcessInvokerWrapper] STDOUT/STDERR stream read finished.
[2025-09-03 17:04:31Z INFO ProcessInvokerWrapper] Finished process 11568 with exit code 102, and elapsed time 00:00:29.6851331.
[2025-09-03 17:04:31Z INFO JobDispatcher] Worker finished for job afeab1a8-ff84-54ea-87fc-63acfa75e9e8. Code: 102
[2025-09-03 17:04:31Z INFO JobDispatcher] finish job request for job afeab1a8-ff84-54ea-87fc-63acfa75e9e8 with result: Failed
[2025-09-03 17:04:31Z INFO Terminal] WRITE LINE: 2025-09-03 17:04:31Z: Job build_and_test completed with result: Failed
[2025-09-03 17:04:31Z INFO JobDispatcher] Stop renew job request for job afeab1a8-ff84-54ea-87fc-63acfa75e9e8.
[2025-09-03 17:04:31Z INFO JobDispatcher] job renew has been cancelled, stop renew job afeab1a8-ff84-54ea-87fc-63acfa75e9e8.
[2025-09-03 17:04:31Z INFO JobNotification] Entering JobCompleted Notification
[2025-09-03 17:04:31Z INFO JobNotification] Entering EndMonitor
[2025-09-03 17:04:31Z INFO BrokerMessageListener] Received job status event. JobState: Online
[2025-09-03 17:04:31Z WARN GitHubActionsService] GET request to https://broker.actions.githubusercontent.com/message?sessionId=b188b5da-6b75-407a-8fae-2286378d96a1&status=Busy&runnerVersion=2.328.0&os=Windows&architecture=X64&disableUpdate=false has been cancelled.
[2025-09-03 17:04:31Z ERR  BrokerServer] Catch exception during request
[2025-09-03 17:04:31Z ERR  BrokerServer] System.Threading.Tasks.TaskCanceledException: The operation was canceled.
 ---> System.Threading.Tasks.TaskCanceledException: The operation was canceled.
 ---> System.IO.IOException: Unable to read data from the transport connection: The I/O operation has been aborted because of either a thread exit or an application request..
 ---> System.Net.Sockets.SocketException (995): The I/O operation has been aborted because of either a thread exit or an application request.
   --- End of inner exception stack trace ---
   at System.Net.Sockets.Socket.AwaitableSocketAsyncEventArgs.ThrowException(SocketError error, CancellationToken cancellationToken)
   at System.Net.Sockets.Socket.AwaitableSocketAsyncEventArgs.System.Threading.Tasks.Sources.IValueTaskSource<System.Int32>.GetResult(Int16 token)
   at System.Net.Security.SslStream.EnsureFullTlsFrameAsync[TIOAdapter](CancellationToken cancellationToken, Int32 estimatedSize)
   at System.Runtime.CompilerServices.PoolingAsyncValueTaskMethodBuilder`1.StateMachineBox`1.System.Threading.Tasks.Sources.IValueTaskSource<TResult>.GetResult(Int16 token)
   at System.Net.Security.SslStream.ReadAsyncInternal[TIOAdapter](Memory`1 buffer, CancellationToken cancellationToken)
   at System.Runtime.CompilerServices.PoolingAsyncValueTaskMethodBuilder`1.StateMachineBox`1.System.Threading.Tasks.Sources.IValueTaskSource<TResult>.GetResult(Int16 token)
   at System.Net.Http.HttpConnection.SendAsync(HttpRequestMessage request, Boolean async, CancellationToken cancellationToken)
   --- End of inner exception stack trace ---
   at System.Net.Http.HttpConnection.SendAsync(HttpRequestMessage request, Boolean async, CancellationToken cancellationToken)
   at System.Net.Http.AuthenticationHelper.SendWithNtAuthAsync(HttpRequestMessage request, Uri authUri, Boolean async, ICredentials credentials, Boolean isProxyAuth, HttpConnection connection, HttpConnectionPool connectionPool, CancellationToken cancellationToken)
   at System.Net.Http.HttpConnectionPool.SendWithVersionDetectionAndRetryAsync(HttpRequestMessage request, Boolean async, Boolean doRequestAuth, CancellationToken cancellationToken)
   at System.Net.Http.AuthenticationHelper.SendWithAuthAsync(HttpRequestMessage request, Uri authUri, Boolean async, ICredentials credentials, Boolean preAuthenticate, Boolean isProxyAuth, Boolean doRequestAuth, HttpConnectionPool pool, CancellationToken cancellationToken)
   at System.Net.Http.RedirectHandler.SendAsync(HttpRequestMessage request, Boolean async, CancellationToken cancellationToken)
   at GitHub.Services.Common.RawHttpMessageHandler.SendAsync(HttpRequestMessage request, CancellationToken cancellationToken)
   at GitHub.Services.Common.VssHttpRetryMessageHandler.SendAsync(HttpRequestMessage request, CancellationToken cancellationToken)
   at System.Net.Http.HttpClient.<SendAsync>g__Core|83_0(HttpRequestMessage request, HttpCompletionOption completionOption, CancellationTokenSource cts, Boolean disposeCts, CancellationTokenSource pendingRequestsCts, CancellationToken originalCancellationToken)
   --- End of inner exception stack trace ---
   at System.Net.Http.HttpClient.HandleFailure(Exception e, Boolean telemetryStarted, HttpResponseMessage response, CancellationTokenSource cts, CancellationToken cancellationToken, CancellationTokenSource pendingRequestsCts)
   at System.Net.Http.HttpClient.<SendAsync>g__Core|83_0(HttpRequestMessage request, HttpCompletionOption completionOption, CancellationTokenSource cts, Boolean disposeCts, CancellationTokenSource pendingRequestsCts, CancellationToken originalCancellationToken)
   at Sdk.WebApi.WebApi.RawHttpClientBase.SendAsync(HttpRequestMessage message, HttpCompletionOption completionOption, Object userState, CancellationToken cancellationToken)
   at Sdk.WebApi.WebApi.RawHttpClientBase.SendAsync[T](HttpRequestMessage message, Boolean readErrorBody, Object userState, CancellationToken cancellationToken)
   at Sdk.WebApi.WebApi.RawHttpClientBase.SendAsync[T](HttpMethod method, IEnumerable`1 additionalHeaders, Uri requestUri, HttpContent content, IEnumerable`1 queryParameters, Boolean readErrorBody, Object userState, CancellationToken cancellationToken)
   at GitHub.Actions.RunService.WebApi.BrokerHttpClient.GetRunnerMessageAsync(Nullable`1 sessionId, String runnerVersion, Nullable`1 status, String os, String architecture, Nullable`1 disableUpdate, CancellationToken cancellationToken)
   at GitHub.Runner.Common.BrokerServer.<>c__DisplayClass7_0.<<GetRunnerMessageAsync>b__0>d.MoveNext()
--- End of stack trace from previous location ---
   at GitHub.Runner.Common.RunnerService.RetryRequest[T](Func`1 func, CancellationToken cancellationToken, Int32 maxRetryAttemptsCount, Func`2 shouldRetry)
[2025-09-03 17:04:31Z ERR  BrokerServer] #####################################################
[2025-09-03 17:04:31Z ERR  BrokerServer] System.Threading.Tasks.TaskCanceledException: The operation was canceled.
 ---> System.IO.IOException: Unable to read data from the transport connection: The I/O operation has been aborted because of either a thread exit or an application request..
 ---> System.Net.Sockets.SocketException (995): The I/O operation has been aborted because of either a thread exit or an application request.
   --- End of inner exception stack trace ---
   at System.Net.Sockets.Socket.AwaitableSocketAsyncEventArgs.ThrowException(SocketError error, CancellationToken cancellationToken)
   at System.Net.Sockets.Socket.AwaitableSocketAsyncEventArgs.System.Threading.Tasks.Sources.IValueTaskSource<System.Int32>.GetResult(Int16 token)
   at System.Net.Security.SslStream.EnsureFullTlsFrameAsync[TIOAdapter](CancellationToken cancellationToken, Int32 estimatedSize)
   at System.Runtime.CompilerServices.PoolingAsyncValueTaskMethodBuilder`1.StateMachineBox`1.System.Threading.Tasks.Sources.IValueTaskSource<TResult>.GetResult(Int16 token)
   at System.Net.Security.SslStream.ReadAsyncInternal[TIOAdapter](Memory`1 buffer, CancellationToken cancellationToken)
   at System.Runtime.CompilerServices.PoolingAsyncValueTaskMethodBuilder`1.StateMachineBox`1.System.Threading.Tasks.Sources.IValueTaskSource<TResult>.GetResult(Int16 token)
   at System.Net.Http.HttpConnection.SendAsync(HttpRequestMessage request, Boolean async, CancellationToken cancellationToken)
   --- End of inner exception stack trace ---
   at System.Net.Http.HttpConnection.SendAsync(HttpRequestMessage request, Boolean async, CancellationToken cancellationToken)
   at System.Net.Http.AuthenticationHelper.SendWithNtAuthAsync(HttpRequestMessage request, Uri authUri, Boolean async, ICredentials credentials, Boolean isProxyAuth, HttpConnection connection, HttpConnectionPool connectionPool, CancellationToken cancellationToken)
   at System.Net.Http.HttpConnectionPool.SendWithVersionDetectionAndRetryAsync(HttpRequestMessage request, Boolean async, Boolean doRequestAuth, CancellationToken cancellationToken)
   at System.Net.Http.AuthenticationHelper.SendWithAuthAsync(HttpRequestMessage request, Uri authUri, Boolean async, ICredentials credentials, Boolean preAuthenticate, Boolean isProxyAuth, Boolean doRequestAuth, HttpConnectionPool pool, CancellationToken cancellationToken)
   at System.Net.Http.RedirectHandler.SendAsync(HttpRequestMessage request, Boolean async, CancellationToken cancellationToken)
   at GitHub.Services.Common.RawHttpMessageHandler.SendAsync(HttpRequestMessage request, CancellationToken cancellationToken)
   at GitHub.Services.Common.VssHttpRetryMessageHandler.SendAsync(HttpRequestMessage request, CancellationToken cancellationToken)
   at System.Net.Http.HttpClient.<SendAsync>g__Core|83_0(HttpRequestMessage request, HttpCompletionOption completionOption, CancellationTokenSource cts, Boolean disposeCts, CancellationTokenSource pendingRequestsCts, CancellationToken originalCancellationToken)
[2025-09-03 17:04:31Z ERR  BrokerServer] #####################################################
[2025-09-03 17:04:31Z ERR  BrokerServer] System.IO.IOException: Unable to read data from the transport connection: The I/O operation has been aborted because of either a thread exit or an application request..
 ---> System.Net.Sockets.SocketException (995): The I/O operation has been aborted because of either a thread exit or an application request.
   --- End of inner exception stack trace ---
   at System.Net.Sockets.Socket.AwaitableSocketAsyncEventArgs.ThrowException(SocketError error, CancellationToken cancellationToken)
   at System.Net.Sockets.Socket.AwaitableSocketAsyncEventArgs.System.Threading.Tasks.Sources.IValueTaskSource<System.Int32>.GetResult(Int16 token)
   at System.Net.Security.SslStream.EnsureFullTlsFrameAsync[TIOAdapter](CancellationToken cancellationToken, Int32 estimatedSize)
   at System.Runtime.CompilerServices.PoolingAsyncValueTaskMethodBuilder`1.StateMachineBox`1.System.Threading.Tasks.Sources.IValueTaskSource<TResult>.GetResult(Int16 token)
   at System.Net.Security.SslStream.ReadAsyncInternal[TIOAdapter](Memory`1 buffer, CancellationToken cancellationToken)
   at System.Runtime.CompilerServices.PoolingAsyncValueTaskMethodBuilder`1.StateMachineBox`1.System.Threading.Tasks.Sources.IValueTaskSource<TResult>.GetResult(Int16 token)
   at System.Net.Http.HttpConnection.SendAsync(HttpRequestMessage request, Boolean async, CancellationToken cancellationToken)
[2025-09-03 17:04:31Z ERR  BrokerServer] #####################################################
[2025-09-03 17:04:31Z ERR  BrokerServer] System.Net.Sockets.SocketException (995): The I/O operation has been aborted because of either a thread exit or an application request.
[2025-09-03 17:04:31Z WARN BrokerServer] Back off 5.049 seconds before next retry. 4 attempt left.
[2025-09-03 17:04:31Z INFO BrokerMessageListener] Get messages has been cancelled using local token source. Continue to get messages with new status.
[2025-09-03 17:08:41Z INFO Terminal] WRITE LINE: Exiting...
[2025-09-03 17:08:41Z INFO ConfigurationStore] IsServiceConfigured()
[2025-09-03 17:08:41Z INFO ConfigurationStore] IsServiceConfigured: False
[2025-09-03 17:08:41Z INFO HostContext] Runner will be shutdown for UserCancelled
[2025-09-03 17:08:41Z WARN GitHubActionsService] GET request to https://broker.actions.githubusercontent.com/message?sessionId=b188b5da-6b75-407a-8fae-2286378d96a1&status=Online&runnerVersion=2.328.0&os=Windows&architecture=X64&disableUpdate=false has been cancelled.
[2025-09-03 17:08:41Z ERR  BrokerServer] Catch exception during request
[2025-09-03 17:08:41Z ERR  BrokerServer] System.Threading.Tasks.TaskCanceledException: The operation was canceled.
 ---> System.Threading.Tasks.TaskCanceledException: The operation was canceled.
 ---> System.IO.IOException: Unable to read data from the transport connection: The I/O operation has been aborted because of either a thread exit or an application request..
 ---> System.Net.Sockets.SocketException (995): The I/O operation has been aborted because of either a thread exit or an application request.
   --- End of inner exception stack trace ---
   at System.Net.Sockets.Socket.AwaitableSocketAsyncEventArgs.ThrowException(SocketError error, CancellationToken cancellationToken)
   at System.Net.Sockets.Socket.AwaitableSocketAsyncEventArgs.System.Threading.Tasks.Sources.IValueTaskSource<System.Int32>.GetResult(Int16 token)
   at System.Net.Security.SslStream.EnsureFullTlsFrameAsync[TIOAdapter](CancellationToken cancellationToken, Int32 estimatedSize)
   at System.Runtime.CompilerServices.PoolingAsyncValueTaskMethodBuilder`1.StateMachineBox`1.System.Threading.Tasks.Sources.IValueTaskSource<TResult>.GetResult(Int16 token)
   at System.Net.Security.SslStream.ReadAsyncInternal[TIOAdapter](Memory`1 buffer, CancellationToken cancellationToken)
   at System.Runtime.CompilerServices.PoolingAsyncValueTaskMethodBuilder`1.StateMachineBox`1.System.Threading.Tasks.Sources.IValueTaskSource<TResult>.GetResult(Int16 token)
   at System.Net.Http.HttpConnection.SendAsync(HttpRequestMessage request, Boolean async, CancellationToken cancellationToken)
   --- End of inner exception stack trace ---
   at System.Net.Http.HttpConnection.SendAsync(HttpRequestMessage request, Boolean async, CancellationToken cancellationToken)
   at System.Net.Http.AuthenticationHelper.SendWithNtAuthAsync(HttpRequestMessage request, Uri authUri, Boolean async, ICredentials credentials, Boolean isProxyAuth, HttpConnection connection, HttpConnectionPool connectionPool, CancellationToken cancellationToken)
   at System.Net.Http.HttpConnectionPool.SendWithVersionDetectionAndRetryAsync(HttpRequestMessage request, Boolean async, Boolean doRequestAuth, CancellationToken cancellationToken)
   at System.Net.Http.AuthenticationHelper.SendWithAuthAsync(HttpRequestMessage request, Uri authUri, Boolean async, ICredentials credentials, Boolean preAuthenticate, Boolean isProxyAuth, Boolean doRequestAuth, HttpConnectionPool pool, CancellationToken cancellationToken)
   at System.Net.Http.RedirectHandler.SendAsync(HttpRequestMessage request, Boolean async, CancellationToken cancellationToken)
   at GitHub.Services.Common.RawHttpMessageHandler.SendAsync(HttpRequestMessage request, CancellationToken cancellationToken)
   at GitHub.Services.Common.VssHttpRetryMessageHandler.SendAsync(HttpRequestMessage request, CancellationToken cancellationToken)
   at System.Net.Http.HttpClient.<SendAsync>g__Core|83_0(HttpRequestMessage request, HttpCompletionOption completionOption, CancellationTokenSource cts, Boolean disposeCts, CancellationTokenSource pendingRequestsCts, CancellationToken originalCancellationToken)
   --- End of inner exception stack trace ---
   at System.Net.Http.HttpClient.HandleFailure(Exception e, Boolean telemetryStarted, HttpResponseMessage response, CancellationTokenSource cts, CancellationToken cancellationToken, CancellationTokenSource pendingRequestsCts)
   at System.Net.Http.HttpClient.<SendAsync>g__Core|83_0(HttpRequestMessage request, HttpCompletionOption completionOption, CancellationTokenSource cts, Boolean disposeCts, CancellationTokenSource pendingRequestsCts, CancellationToken originalCancellationToken)
   at Sdk.WebApi.WebApi.RawHttpClientBase.SendAsync(HttpRequestMessage message, HttpCompletionOption completionOption, Object userState, CancellationToken cancellationToken)
   at Sdk.WebApi.WebApi.RawHttpClientBase.SendAsync[T](HttpRequestMessage message, Boolean readErrorBody, Object userState, CancellationToken cancellationToken)
   at Sdk.WebApi.WebApi.RawHttpClientBase.SendAsync[T](HttpMethod method, IEnumerable`1 additionalHeaders, Uri requestUri, HttpContent content, IEnumerable`1 queryParameters, Boolean readErrorBody, Object userState, CancellationToken cancellationToken)
   at GitHub.Actions.RunService.WebApi.BrokerHttpClient.GetRunnerMessageAsync(Nullable`1 sessionId, String runnerVersion, Nullable`1 status, String os, String architecture, Nullable`1 disableUpdate, CancellationToken cancellationToken)
   at GitHub.Runner.Common.BrokerServer.<>c__DisplayClass7_0.<<GetRunnerMessageAsync>b__0>d.MoveNext()
--- End of stack trace from previous location ---
   at GitHub.Runner.Common.RunnerService.RetryRequest[T](Func`1 func, CancellationToken cancellationToken, Int32 maxRetryAttemptsCount, Func`2 shouldRetry)
[2025-09-03 17:08:41Z ERR  BrokerServer] #####################################################
[2025-09-03 17:08:41Z ERR  BrokerServer] System.Threading.Tasks.TaskCanceledException: The operation was canceled.
 ---> System.IO.IOException: Unable to read data from the transport connection: The I/O operation has been aborted because of either a thread exit or an application request..
 ---> System.Net.Sockets.SocketException (995): The I/O operation has been aborted because of either a thread exit or an application request.
   --- End of inner exception stack trace ---
   at System.Net.Sockets.Socket.AwaitableSocketAsyncEventArgs.ThrowException(SocketError error, CancellationToken cancellationToken)
   at System.Net.Sockets.Socket.AwaitableSocketAsyncEventArgs.System.Threading.Tasks.Sources.IValueTaskSource<System.Int32>.GetResult(Int16 token)
   at System.Net.Security.SslStream.EnsureFullTlsFrameAsync[TIOAdapter](CancellationToken cancellationToken, Int32 estimatedSize)
   at System.Runtime.CompilerServices.PoolingAsyncValueTaskMethodBuilder`1.StateMachineBox`1.System.Threading.Tasks.Sources.IValueTaskSource<TResult>.GetResult(Int16 token)
   at System.Net.Security.SslStream.ReadAsyncInternal[TIOAdapter](Memory`1 buffer, CancellationToken cancellationToken)
   at System.Runtime.CompilerServices.PoolingAsyncValueTaskMethodBuilder`1.StateMachineBox`1.System.Threading.Tasks.Sources.IValueTaskSource<TResult>.GetResult(Int16 token)
   at System.Net.Http.HttpConnection.SendAsync(HttpRequestMessage request, Boolean async, CancellationToken cancellationToken)
   --- End of inner exception stack trace ---
   at System.Net.Http.HttpConnection.SendAsync(HttpRequestMessage request, Boolean async, CancellationToken cancellationToken)
   at System.Net.Http.AuthenticationHelper.SendWithNtAuthAsync(HttpRequestMessage request, Uri authUri, Boolean async, ICredentials credentials, Boolean isProxyAuth, HttpConnection connection, HttpConnectionPool connectionPool, CancellationToken cancellationToken)
   at System.Net.Http.HttpConnectionPool.SendWithVersionDetectionAndRetryAsync(HttpRequestMessage request, Boolean async, Boolean doRequestAuth, CancellationToken cancellationToken)
   at System.Net.Http.AuthenticationHelper.SendWithAuthAsync(HttpRequestMessage request, Uri authUri, Boolean async, ICredentials credentials, Boolean preAuthenticate, Boolean isProxyAuth, Boolean doRequestAuth, HttpConnectionPool pool, CancellationToken cancellationToken)
   at System.Net.Http.RedirectHandler.SendAsync(HttpRequestMessage request, Boolean async, CancellationToken cancellationToken)
   at GitHub.Services.Common.RawHttpMessageHandler.SendAsync(HttpRequestMessage request, CancellationToken cancellationToken)
   at GitHub.Services.Common.VssHttpRetryMessageHandler.SendAsync(HttpRequestMessage request, CancellationToken cancellationToken)
   at System.Net.Http.HttpClient.<SendAsync>g__Core|83_0(HttpRequestMessage request, HttpCompletionOption completionOption, CancellationTokenSource cts, Boolean disposeCts, CancellationTokenSource pendingRequestsCts, CancellationToken originalCancellationToken)
[2025-09-03 17:08:41Z ERR  BrokerServer] #####################################################
[2025-09-03 17:08:41Z ERR  BrokerServer] System.IO.IOException: Unable to read data from the transport connection: The I/O operation has been aborted because of either a thread exit or an application request..
 ---> System.Net.Sockets.SocketException (995): The I/O operation has been aborted because of either a thread exit or an application request.
   --- End of inner exception stack trace ---
   at System.Net.Sockets.Socket.AwaitableSocketAsyncEventArgs.ThrowException(SocketError error, CancellationToken cancellationToken)
   at System.Net.Sockets.Socket.AwaitableSocketAsyncEventArgs.System.Threading.Tasks.Sources.IValueTaskSource<System.Int32>.GetResult(Int16 token)
   at System.Net.Security.SslStream.EnsureFullTlsFrameAsync[TIOAdapter](CancellationToken cancellationToken, Int32 estimatedSize)
   at System.Runtime.CompilerServices.PoolingAsyncValueTaskMethodBuilder`1.StateMachineBox`1.System.Threading.Tasks.Sources.IValueTaskSource<TResult>.GetResult(Int16 token)
   at System.Net.Security.SslStream.ReadAsyncInternal[TIOAdapter](Memory`1 buffer, CancellationToken cancellationToken)
   at System.Runtime.CompilerServices.PoolingAsyncValueTaskMethodBuilder`1.StateMachineBox`1.System.Threading.Tasks.Sources.IValueTaskSource<TResult>.GetResult(Int16 token)
   at System.Net.Http.HttpConnection.SendAsync(HttpRequestMessage request, Boolean async, CancellationToken cancellationToken)
[2025-09-03 17:08:41Z ERR  BrokerServer] #####################################################
[2025-09-03 17:08:41Z ERR  BrokerServer] System.Net.Sockets.SocketException (995): The I/O operation has been aborted because of either a thread exit or an application request.
[2025-09-03 17:08:41Z WARN BrokerServer] Back off 8.347 seconds before next retry. 4 attempt left.
[2025-09-03 17:08:41Z INFO BrokerMessageListener] Get next message has been cancelled.
[2025-09-03 17:08:41Z INFO JobDispatcher] Shutting down JobDispatcher. Make sure all WorkerDispatcher has finished.
[2025-09-03 17:08:41Z INFO JobDispatcher] Ensure WorkerDispatcher for job afeab1a8-ff84-54ea-87fc-63acfa75e9e8 run to finish, cancel any running job.
[2025-09-03 17:08:41Z INFO JobDispatcher] Job request afeab1a8-ff84-54ea-87fc-63acfa75e9e8 processed succeed.
[2025-09-03 17:08:41Z INFO Runner] Deleting Runner Session...
[2025-09-03 17:08:41Z INFO Listener] Runner execution been cancelled.
